<?xml version="1.0" encoding="UTF-8"?>
<!-- Generated by org.testng.reporters.JUnitXMLReporter -->
<testsuite hostname="LAPTOP-CESU4ELL" ignored="0" name="Test" tests="1" failures="0" timestamp="03 Apr 2021 07:34:39 GMT" time="0.033" errors="0">
  <testcase name="@BeforeMethod preCondition" time="0.0" classname="generic.BaseTest">
    <failure type="org.testng.TestNGException" message="
Parameter &amp;apos;browser&amp;apos; is required by BeforeMethod on method preCondition but has not been marked @Optional or defined
in G:\Java Eclipse2\ZanuiSearch\ZanuiTest5Script.xml">
      <![CDATA[org.testng.TestNGException: 
Parameter 'browser' is required by BeforeMethod on method preCondition but has not been marked @Optional or defined
in G:\Java Eclipse2\ZanuiSearch\ZanuiTest5Script.xml
... Removed 25 stack frames]]>
    </failure>
  </testcase> <!-- @BeforeMethod preCondition -->
  <testcase name="@AfterMethod postCondition" time="0.0" classname="generic.BaseTest">
    <skipped/>
  </testcase> <!-- @AfterMethod postCondition -->
  <testcase name="script5" time="0.0" classname="script.ZanuiTest5Script">
    <skipped/>
  </testcase> <!-- script5 -->
</testsuite> <!-- Test -->
